INFO: Reading from dir: ./openmp-parallel/input/
INFO: Reading from dir: ./openmp-parallel/input/
INFO: Reading from dir: ./openmp-parallel/input/
INFO: Reading input from file: ./openmp-parallel/input/saj1.txt
INFO: Reading input from file: ./openmp-parallel/input/saj1.txt
INFO: Reading input from file: ./openmp-parallel/input/saj1.txt
INFO: Reading input from file: ./openmp-parallel/input/saj2.txt
INFO: Reading input from file: ./openmp-parallel/input/saj2.txt
INFO: Reading input from file: ./openmp-parallel/input/saj2.txt
INFO: Reading input from file: ./openmp-parallel/input/saj3.txt
INFO: Reading input from file: ./openmp-parallel/input/saj3.txt
INFO: Reading input from file: ./openmp-parallel/input/saj3.txt
INFO: Reading input from file: ./openmp-parallel/input/saj4.txt
INFO: Reading input from file: ./openmp-parallel/input/saj4.txt
INFO: Reading input from file: ./openmp-parallel/input/saj4.txt
INFO: Reading input from file: ./openmp-parallel/input/saj5.txt
INFO: Reading input from file: ./openmp-parallel/input/saj5.txt
INFO: Reading input from file: ./openmp-parallel/input/saj5.txt
INFO: Reading input from file: ./openmp-parallel/input/saj6.txt
INFO: Reading input from file: ./openmp-parallel/input/saj6.txt
INFO: Reading input from file: ./openmp-parallel/input/saj6.txt
INFO: Reading input from file: ./openmp-parallel/input/saj7.txt
INFO: Reading input from file: ./openmp-parallel/input/saj7.txt
INFO: Reading input from file: ./openmp-parallel/input/saj7.txt
INFO: Reading input from file: ./openmp-parallel/input/saj8.txt
INFO: Reading input from file: ./openmp-parallel/input/saj8.txt
INFO: Reading input from file: ./openmp-parallel/input/saj8.txt
INFO: Reading input from file: ./openmp-parallel/input/saj9.txt
INFO: Reading input from file: ./openmp-parallel/input/saj9.txt
INFO: Reading input from file: ./openmp-parallel/input/saj9.txt
INFO: Reading input from file: ./openmp-parallel/input/saj10.txt
INFO: Reading input from file: ./openmp-parallel/input/saj10.txt
INFO: Reading input from file: ./openmp-parallel/input/saj10.txt
INFO: Reading input from file: ./openmp-parallel/input/saj11.txt
INFO: Reading input from file: ./openmp-parallel/input/saj11.txt
INFO: Reading input from file: ./openmp-parallel/input/saj11.txt
INFO: Reading input from file: ./openmp-parallel/input/saj12.txt
INFO: Reading input from file: ./openmp-parallel/input/saj12.txt
INFO: Reading input from file: ./openmp-parallel/input/saj12.txt
1)_________________________________________________________________
Time [ms]: 1
Price: 5
Calls number: 275
Moving history: [4,4]*, [1,2], [3,3], [3,1]*, [2,4]*
________________________________________________________________
1)_________________________________________________________________
Time [ms]: 1
Price: 5
1)_________________________________________________________________
Calls number: 275
Time [ms]: 1
Price: 5
Calls number: 275
Moving history: [4,4]*, [1,2], [3,3], [3,1]*, [2,4]*
________________________________________________________________
Moving history: [4,4]*, [1,2], [3,3], [3,1]*, [2,4]*
________________________________________________________________
2)_________________________________________________________________
Time [ms]: 1326
Price: 14
Calls number: 2409019
Moving history: [0,1], [3,3]*, [1,2], [4,1], [0,1], [6,2]*, [4,5]*, [5,4]*, [3,4], [3,3], [1,6]*, [2,5], [0,5], [0,6]*
________________________________________________________________
2)_________________________________________________________________
Time [ms]: 1335
Price: 14
Calls number: 2408749
Moving history: [0,1], [3,3]*, [1,2], [4,1], [0,1], [6,2]*, [4,5]*, [5,4]*, [3,4], [3,3], [1,6]*, [2,5], [0,5], [0,6]*
________________________________________________________________
3)_________________________________________________________________
Time [ms]: 14
Price: 12
Calls number: 18497
Moving history: [0,2], [4,2]*, [7,9], [5,4], [2,4], [6,2]*, [3,3]*, [8,3]*, [5,1]*, [7,1]*, [6,0]*, [9,2]*
________________________________________________________________
3)_________________________________________________________________
Time [ms]: 14
Price: 12
Calls number: 18262
Moving history: [0,2], [4,2]*, [7,9], [5,4], [2,4], [6,2]*, [3,3]*, [8,3]*, [5,1]*, [7,1]*, [6,0]*, [9,2]*
________________________________________________________________
2)_________________________________________________________________
Time [ms]: 1351
Price: 14
Calls number: 2409181
Moving history: [0,1], [3,3]*, [1,2], [4,1], [0,1], [6,2]*, [4,5]*, [5,4]*, [3,4], [3,3], [1,6]*, [2,5], [0,5], [0,6]*
________________________________________________________________
3)_________________________________________________________________
Time [ms]: 14
Price: 12
Calls number: 18263
Moving history: [0,2], [4,2]*, [7,9], [5,4], [2,4], [6,2]*, [3,3]*, [8,3]*, [5,1]*, [7,1]*, [6,0]*, [9,2]*
________________________________________________________________
4)_________________________________________________________________
Time [ms]: 718
Price: 14
Calls number: 1550610
Moving history: [4,4]*, [1,2]*, [0,0], [3,3], [2,2], [5,4]*, [3,1]*, [3,3], [1,3], [1,2], [2,4]*, [3,1], [5,1]*, [1,0]*
________________________________________________________________
5)_________________________________________________________________
Time [ms]: 14
Price: 12
Calls number: 19951
Moving history: [4,4]*, [6,2]*, [3,3]*, [8,3]*, [1,1], [7,1]*, [0,2]*, [9,2]*, [3,5]*, [8,4], [2,4], [6,5]*
________________________________________________________________
4)_________________________________________________________________
Time [ms]: 727
Price: 14
Calls number: 1550558
Moving history: [4,4]*, [1,2]*, [0,0], [3,3], [2,2], [5,4]*, [3,1]*, [3,3], [1,3], [1,2], [2,4]*, [3,1], [5,1]*, [1,0]*
________________________________________________________________
5)_________________________________________________________________
Time [ms]: 14
Price: 12
Calls number: 19343
Moving history: [4,4]*, [6,2]*, [3,3]*, [8,3]*, [1,1], [7,1]*, [0,2]*, [9,2]*, [3,5]*, [8,4], [2,4], [6,5]*
________________________________________________________________
4)_________________________________________________________________
Time [ms]: 726
Price: 14
Calls number: 1550640
Moving history: [4,4]*, [1,2]*, [0,0], [3,3], [2,2], [5,4]*, [3,1]*, [3,3], [1,3], [1,2], [2,4]*, [3,1], [5,1]*, [1,0]*
________________________________________________________________
5)_________________________________________________________________
Time [ms]: 14
Price: 12
Calls number: 19351
Moving history: [4,4]*, [6,2]*, [3,3]*, [8,3]*, [1,1], [7,1]*, [0,2]*, [9,2]*, [3,5]*, [8,4], [2,4], [6,5]*
________________________________________________________________
6)_________________________________________________________________
Time [ms]: 2807
Price: 16
Calls number: 2787234
Moving history: [9,7], [6,2]*, [5,3], [8,3]*, [4,4]*, [7,1]*, [3,3]*, [9,2]*, [6,6]*, [8,4], [4,4], [6,5]*, [3,5]*, [8,6], [0,2]*, [6,7]*
________________________________________________________________
6)_________________________________________________________________
Time [ms]: 2822
Price: 16
Calls number: 2787215
Moving history: [9,7], [6,2]*, [5,3], [8,3]*, [4,4]*, [7,1]*, [3,3]*, [9,2]*, [6,6]*, [8,4], [4,4], [6,5]*, [3,5]*, [8,6], [0,2]*, [6,7]*
________________________________________________________________
7)_________________________________________________________________
Time [ms]: 45
Price: 16
Calls number: 80531
Moving history: [4,4]*, [6,2]*, [3,3]*, [8,3]*, [6,6]*, [7,1]*, [4,4], [9,2]*, [3,5]*, [8,4], [0,2]*, [6,5]*, [6,8]*, [8,6], [5,9]*, [6,7]*
________________________________________________________________
6)_________________________________________________________________
Time [ms]: 2835
Price: 16
Calls number: 2787011
Moving history: [9,7], [6,2]*, [5,3], [8,3]*, [4,4]*, [7,1]*, [3,3]*, [9,2]*, [6,6]*, [8,4], [4,4], [6,5]*, [3,5]*, [8,6], [0,2]*, [6,7]*
________________________________________________________________
7)_________________________________________________________________
Time [ms]: 48
Price: 16
Calls number: 89774
Moving history: [4,4]*, [6,2]*, [3,3]*, [8,3]*, [6,6]*, [7,1]*, [4,4], [9,2]*, [3,5]*, [8,4], [0,2]*, [6,5]*, [6,8]*, [8,6], [5,9]*, [6,7]*
________________________________________________________________
7)_________________________________________________________________
Time [ms]: 48
Price: 16
Calls number: 89152
Moving history: [4,4]*, [6,2]*, [3,3]*, [8,3]*, [6,6]*, [7,1]*, [4,4], [9,2]*, [3,5]*, [8,4], [0,2]*, [6,5]*, [6,8]*, [8,6], [5,9]*, [6,7]*
________________________________________________________________
8)_________________________________________________________________
Time [ms]: 94870
Price: 20
Calls number: 101889188
Moving history: [9,7], [6,2]*, [8,8], [8,3]*, [6,6]*, [7,1]*, [4,4]*, [9,2]*, [3,3]*, [8,4], [1,1], [6,5]*, [0,2]*, [7,7], [3,5]*, [6,9]*, [6,8]*, [4,8], [5,9]*, [6,7]*
________________________________________________________________
8)_________________________________________________________________
Time [ms]: 95453
Price: 20
Calls number: 102034917
Moving history: [9,7], [6,2]*, [8,8], [8,3]*, [6,6]*, [7,1]*, [4,4]*, [9,2]*, [3,3]*, [8,4], [1,1], [6,5]*, [0,2]*, [7,7], [3,5]*, [6,9]*, [6,8]*, [4,8], [5,9]*, [6,7]*
________________________________________________________________
8)_________________________________________________________________
Time [ms]: 95566
Price: 20
Calls number: 101996766
Moving history: [9,7], [6,2]*, [8,8], [8,3]*, [6,6]*, [7,1]*, [4,4]*, [9,2]*, [3,3]*, [8,4], [1,1], [6,5]*, [0,2]*, [7,7], [3,5]*, [6,9]*, [6,8]*, [4,8], [5,9]*, [6,7]*
________________________________________________________________
9)_________________________________________________________________
Time [ms]: 804
Price: 26
Calls number: 2474504
Moving history: [2,1]*, [5,4]*, [3,2]*, [7,5]*, [2,3]*, [9,6]*, [0,1]*, [8,8]*, [9,10], [10,7]*, [10,9]*, [8,6]*, [11,10]*, [9,8]*, [12,11]*, [7,7]*, [8,7]*, [6,5]*, [7,6]*, [4,4]*, [8,5]*, [3,6], [4,1]*, [5,5]*, [5,0]*, [4,3]*
________________________________________________________________
9)_________________________________________________________________
Time [ms]: 792
Price: 26
Calls number: 2406756
Moving history: [2,1]*, [5,4]*, [3,2]*, [7,5]*, [2,3]*, [9,6]*, [0,1]*, [8,8]*, [9,10], [10,7]*, [10,9]*, [8,6]*, [11,10]*, [9,8]*, [12,11]*, [7,7]*, [8,7]*, [6,5]*, [7,6]*, [4,4]*, [8,5]*, [3,6], [4,1]*, [5,5]*, [5,0]*, [4,3]*
________________________________________________________________
9)_________________________________________________________________
Time [ms]: 792
Price: 26
Calls number: 2404969
Moving history: [2,1]*, [5,4]*, [3,2]*, [7,5]*, [2,3]*, [9,6]*, [0,1]*, [8,8]*, [9,10], [10,7]*, [10,9]*, [8,6]*, [11,10]*, [9,8]*, [12,11]*, [7,7]*, [8,7]*, [6,5]*, [7,6]*, [4,4]*, [8,5]*, [3,6], [4,1]*, [5,5]*, [5,0]*, [4,3]*
________________________________________________________________
10)_________________________________________________________________
Time [ms]: 61375
Price: 20
Calls number: 45402252
Moving history: [0,12], [2,2]*, [1,11], [3,0]*, [0,10], [1,1]*, [5,5]*, [2,3]*, [4,4]*, [3,1]*, [3,3]*, [1,2]*, [7,7]*, [2,0]*, [8,8]*, [3,2]*, [9,9]*, [1,3]*, [8,8], [2,1]*
________________________________________________________________
11)_________________________________________________________________
Time [ms]: 404
Price: 18
Calls number: 1031467
Moving history: [4,8]*, [0,2]*, [8,4]*, [1,4]*, [6,2]*, [0,2], [4,4]*, [2,1], [7,7]*, [1,3]*, [5,9]*, [2,1], [7,11]*, [4,0]*, [9,9]*, [6,1], [11,11]*, [8,0]*
________________________________________________________________
10)_________________________________________________________________
Time [ms]: 61465
Price: 20
Calls number: 45402145
Moving history: [0,12], [2,2]*, [1,11], [3,0]*, [0,10], [1,1]*, [5,5]*, [2,3]*, [4,4]*, [3,1]*, [3,3]*, [1,2]*, [7,7]*, [2,0]*, [8,8]*, [3,2]*, [9,9]*, [1,3]*, [8,8], [2,1]*
________________________________________________________________
10)_________________________________________________________________
Time [ms]: 61470
Price: 20
Calls number: 45402162
Moving history: [0,12], [2,2]*, [1,11], [3,0]*, [0,10], [1,1]*, [5,5]*, [2,3]*, [4,4]*, [3,1]*, [3,3]*, [1,2]*, [7,7]*, [2,0]*, [8,8]*, [3,2]*, [9,9]*, [1,3]*, [8,8], [2,1]*
________________________________________________________________
11)_________________________________________________________________
Time [ms]: 413
Price: 18
Calls number: 1031454
Moving history: [4,8]*, [0,2]*, [8,4]*, [1,4]*, [6,2]*, [0,2], [4,4]*, [2,1], [7,7]*, [1,3]*, [5,9]*, [2,1], [7,11]*, [4,0]*, [9,9]*, [6,1], [11,11]*, [8,0]*
________________________________________________________________
11)_________________________________________________________________
Time [ms]: 407
Price: 18
Calls number: 1026907
Moving history: [4,8]*, [0,2]*, [8,4]*, [1,4]*, [6,2]*, [0,2], [4,4]*, [2,1], [7,7]*, [1,3]*, [5,9]*, [2,1], [7,11]*, [4,0]*, [9,9]*, [6,1], [11,11]*, [8,0]*
________________________________________________________________
12)_________________________________________________________________
Time [ms]: 144881
Price: 22
Calls number: 417427592
Moving history: [7,7]*, [0,2]*, [4,4]*, [1,4]*, [9,9]*, [2,2], [7,11]*, [4,1], [5,9]*, [6,2]*, [4,8]*, [8,1]*, [8,4]*, [6,0], [4,0]*, [7,2], [1,3]*, [8,0]*, [2,2], [10,1], [11,11]*, [8,2]*
________________________________________________________________
12)_________________________________________________________________
Time [ms]: 146077
Price: 22
Calls number: 414488734
Moving history: [7,7]*, [0,2]*, [4,4]*, [1,4]*, [9,9]*, [2,2], [7,11]*, [4,1], [5,9]*, [6,2]*, [4,8]*, [8,1]*, [8,4]*, [6,0], [4,0]*, [7,2], [1,3]*, [8,0]*, [2,2], [10,1], [11,11]*, [8,2]*
________________________________________________________________
12)_________________________________________________________________
Time [ms]: 148045
Price: 22
Calls number: 418806051
Moving history: [7,7]*, [0,2]*, [4,4]*, [1,4]*, [9,9]*, [2,2], [7,11]*, [4,1], [5,9]*, [6,2]*, [4,8]*, [8,1]*, [8,4]*, [6,0], [4,0]*, [7,2], [1,3]*, [8,0]*, [2,2], [10,1], [11,11]*, [8,2]*
________________________________________________________________
