INFO: Reading from dir: input/
INFO: Reading from dir: input/
INFO: Reading from dir: input/
INFO: Reading from dir: input/
INFO: Reading input from file: input/saj1.txt
INFO: Reading input from file: input/saj1.txt
INFO: Reading input from file: input/saj1.txt
INFO: Reading input from file: input/saj1.txt
INFO: Reading input from file: input/saj2.txt
INFO: Reading input from file: input/saj2.txt
INFO: Reading input from file: input/saj2.txt
INFO: Reading input from file: input/saj2.txt
INFO: Reading input from file: input/saj3.txt
INFO: Reading input from file: input/saj3.txt
INFO: Reading input from file: input/saj3.txt
INFO: Reading input from file: input/saj3.txt
INFO: Reading input from file: input/saj4.txt
INFO: Reading input from file: input/saj4.txt
INFO: Reading input from file: input/saj4.txt
INFO: Reading input from file: input/saj4.txt
INFO: Reading input from file: input/saj5.txt
INFO: Reading input from file: input/saj5.txt
INFO: Reading input from file: input/saj5.txt
INFO: Reading input from file: input/saj5.txt
INFO: Reading input from file: input/saj6.txt
INFO: Reading input from file: input/saj6.txt
INFO: Reading input from file: input/saj6.txt
INFO: Reading input from file: input/saj6.txt
INFO: Reading input from file: input/saj7.txt
INFO: Reading input from file: input/saj7.txt
INFO: Reading input from file: input/saj7.txt
INFO: Reading input from file: input/saj7.txt
INFO: Reading input from file: input/saj8.txt
INFO: Reading input from file: input/saj8.txt
INFO: Reading input from file: input/saj8.txt
INFO: Reading input from file: input/saj8.txt
INFO: Reading input from file: input/saj9.txt
INFO: Reading input from file: input/saj9.txt
INFO: Reading input from file: input/saj9.txt
INFO: Reading input from file: input/saj9.txt
INFO: Reading input from file: input/saj10.txt
INFO: Reading input from file: input/saj10.txt
INFO: Reading input from file: input/saj10.txt
INFO: Reading input from file: input/saj10.txt
INFO: Reading input from file: input/saj11.txt
INFO: Reading input from file: input/saj11.txt
INFO: Reading input from file: input/saj11.txt
INFO: Reading input from file: input/saj11.txt
INFO: Reading input from file: input/saj12.txt
INFO: Reading input from file: input/saj12.txt
INFO: Reading input from file: input/saj12.txt
INFO: Reading input from file: input/saj12.txt
1)_________________________________________________________________
Time [ms]: 3
Price: 5
Calls number: 1246
Moving history: [4,4]*, [1,2], [3,3], [3,1]*, [2,4]*
________________________________________________________________
2)_________________________________________________________________
Time [ms]: 67533
Price: 14
Calls number: 102996159
Moving history: [0,1], [3,3]*, [4,5]*, [2,5], [5,6], [0,6]*, [4,5], [1,4], [5,4]*, [2,2], [4,3], [4,1], [1,6]*, [6,2]*
________________________________________________________________
3)_________________________________________________________________
Time [ms]: 15
Price: 12
Calls number: 22375
Moving history: [0,2], [3,3]*, [3,5], [4,1], [2,4], [6,2]*, [4,2]*, [8,3]*, [5,1]*, [7,1]*, [6,0]*, [9,2]*
________________________________________________________________
4)_________________________________________________________________
Time [ms]: 946
Price: 14
Calls number: 1560518
Moving history: [2,0], [1,2]*, [3,1]*, [3,3], [4,2], [5,4]*, [2,4]*, [3,5], [5,1]*, [1,4], [3,3], [0,2], [4,4]*, [1,0]*
________________________________________________________________
5)_________________________________________________________________
Time [ms]: 605
Price: 12
Calls number: 745908
Moving history: [6,2]*, [6,4], [4,4]*, [8,3]*, [3,3]*, [7,1]*, [1,1], [9,2]*, [0,2]*, [8,4], [3,5]*, [6,5]*
________________________________________________________________
6)_________________________________________________________________
Time [ms]: 2733
Price: 16
Calls number: 3291339
Moving history: [4,2], [6,2]*, [3,3]*, [8,3]*, [4,4]*, [7,1]*, [3,5]*, [9,2]*, [0,2]*, [8,4], [1,1], [6,5]*, [6,6]*, [8,6], [5,5], [6,7]*
________________________________________________________________
7)_________________________________________________________________
Time [ms]: 455
Price: 16
Calls number: 690057
Moving history: [4,4]*, [6,2]*, [3,5]*, [8,3]*, [0,2]*, [7,1]*, [6,8]*, [9,2]*, [5,9]*, [8,4], [4,8], [6,5]*, [6,6]*, [8,6], [3,3]*, [6,7]*
________________________________________________________________
8)_________________________________________________________________
Time [ms]: 144706
Price: 20
Calls number: 214425224
Moving history: [6,2]*, [6,4], [4,4]*, [8,3]*, [3,3]*, [7,1]*, [6,6]*, [9,2]*, [4,4], [8,4], [3,5]*, [6,5]*, [0,2]*, [7,7], [6,8]*, [6,9]*, [5,9]*, [4,8], [4,10], [6,7]*
________________________________________________________________
9)_________________________________________________________________
Time [ms]: 13209
Price: 26
Calls number: 18602225
Moving history: [2,1]*, [5,4]*, [3,2]*, [7,5]*, [2,3]*, [9,6]*, [0,1]*, [8,8]*, [9,10], [10,7]*, [10,9]*, [8,6]*, [11,10]*, [9,8]*, [12,11]*, [7,7]*, [8,7]*, [6,5]*, [7,6]*, [4,4]*, [8,5]*, [3,6], [4,1]*, [5,5]*, [5,0]*, [4,3]*
________________________________________________________________
10)_________________________________________________________________
Time [ms]: 36709
Price: 20
Calls number: 45406289
Moving history: [5,7], [3,1]*, [8,10], [2,3]*, [1,3]*, [1,1]*, [2,2]*, [3,0]*, [3,3]*, [4,2], [4,4]*, [2,1]*, [5,5]*, [0,0], [7,7]*, [1,2]*, [8,8]*, [2,0]*, [9,9]*, [3,2]*
________________________________________________________________
11)_________________________________________________________________
Time [ms]: 5170
Price: 18
Calls number: 7864984
Moving history: [8,4]*, [2,2], [6,2]*, [1,4]*, [4,4]*, [0,2]*, [7,7]*, [2,1], [5,9]*, [1,3]*, [4,8]*, [2,1], [7,11]*, [4,0]*, [9,9]*, [6,1], [11,11]*, [8,0]*
________________________________________________________________
12)_________________________________________________________________
Time [ms]: 1005828
Price: 22
Calls number: 1399963508
Moving history: [4,4]*, [0,2]*, [7,7]*, [1,4]*, [5,9]*, [2,2], [4,8]*, [4,1], [7,11]*, [6,2]*, [9,9]*, [8,1]*, [11,11]*, [6,0], [6,6], [7,2], [8,4]*, [8,0]*, [4,0]*, [10,1], [1,3]*, [8,2]*