INFO: Reading from dir: ../input/
INFO: Reading input from file: ../input/saj1.txt
INFO: Reading input from file: ../input/saj2.txt
INFO: Reading input from file: ../input/saj3.txt
INFO: Reading input from file: ../input/saj4.txt
INFO: Reading input from file: ../input/saj5.txt
INFO: Reading input from file: ../input/saj6.txt
INFO: Reading input from file: ../input/saj7.txt
INFO: Reading input from file: ../input/saj8.txt
INFO: Reading input from file: ../input/saj9.txt
INFO: Reading input from file: ../input/saj10.txt
INFO: Reading input from file: ../input/saj11.txt
INFO: Reading input from file: ../input/saj12.txt
1)_________________________________________________________________
Time [ms]: 0
Price: 5
Calls number: 18
Moving history: [4,4]*, [1,2], [3,3], [3,1]*, [2,4]*
________________________________________________________________
2)_________________________________________________________________
Time [ms]: 3576
Price: 14
Calls number: 2425445
Moving history: [0,1], [3,3]*, [4,5]*, [5,4]*, [3,4], [6,2]*, [1,6]*, [4,1], [0,5], [3,3], [1,4], [2,5], [0,3], [0,6]*
________________________________________________________________
3)_________________________________________________________________
Time [ms]: 888
Price: 12
Calls number: 611825
Moving history: [4,2]*, [3,3]*, [5,1]*, [4,5], [6,0]*, [6,4], [7,1]*, [8,3]*, [6,2]*, [7,1], [5,1], [9,2]*
________________________________________________________________
4)_________________________________________________________________
Time [ms]: 10747
Price: 14
Calls number: 10197861
Moving history: [4,4]*, [1,2]*, [3,3], [3,1]*, [2,4]*, [1,0]*, [5,1]*, [2,2], [4,0], [3,4], [3,1], [4,2], [2,0], [5,4]*
________________________________________________________________
5)_________________________________________________________________
Time [ms]: 54
Price: 12
Calls number: 33433
Moving history: [4,4]*, [6,2]*, [3,3]*, [8,3]*, [1,1], [7,1]*, [0,2]*, [9,2]*, [3,5]*, [8,4], [2,4], [6,5]*
________________________________________________________________
6)_________________________________________________________________
Time [ms]: 4689
Price: 16
Calls number: 3314693
Moving history: [4,4]*, [6,2]*, [3,3]*, [8,3]*, [6,6]*, [7,1]*, [4,4], [9,2]*, [3,5]*, [8,4], [0,2]*, [6,5]*, [1,1], [8,6], [0,0], [6,7]*
________________________________________________________________
7)_________________________________________________________________
Time [ms]: 304
Price: 16
Calls number: 215182
Moving history: [4,4]*, [6,2]*, [3,3]*, [8,3]*, [6,6]*, [7,1]*, [4,4], [9,2]*, [3,5]*, [8,4], [0,2]*, [6,5]*, [6,8]*, [8,6], [5,9]*, [6,7]*
________________________________________________________________
8)_________________________________________________________________
Time [ms]: 166216
Price: 20
Calls number: 115478045
Moving history: [4,4]*, [6,2]*, [3,3]*, [8,3]*, [6,6]*, [7,1]*, [4,4], [9,2]*, [3,5]*, [8,4], [0,2]*, [6,5]*, [6,8]*, [7,7], [5,9]*, [6,9]*, [4,8], [8,8], [3,7], [6,7]*
________________________________________________________________
9)_________________________________________________________________
Time [ms]: 12926
Price: 26
Calls number: 8840323
Moving history: [2,1]*, [5,4]*, [3,2]*, [7,5]*, [2,3]*, [9,6]*, [0,1]*, [8,8]*, [9,10], [10,7]*, [10,9]*, [8,6]*, [11,10]*, [9,8]*, [12,11]*, [7,7]*, [8,7]*, [6,5]*, [7,6]*, [4,4]*, [8,5]*, [3,6], [4,1]*, [5,5]*, [5,0]*, [4,3]*
________________________________________________________________
10)_________________________________________________________________
Time [ms]: 70839
Price: 20
Calls number: 45402357
Moving history: [5,5]*, [2,2]*, [4,4]*, [3,0]*, [3,3]*, [1,1]*, [7,7]*, [2,3]*, [8,8]*, [3,1]*, [9,9]*, [1,2]*, [2,2], [2,0]*, [1,3]*, [3,2]*, [0,2], [4,0], [1,1], [2,1]*
________________________________________________________________
11)_________________________________________________________________
Time [ms]: 918
Price: 18
Calls number: 681189
Moving history: [4,4]*, [0,2]*, [6,2]*, [1,4]*, [8,4]*, [0,2], [4,8]*, [2,1], [5,9]*, [1,3]*, [7,11]*, [2,1], [9,9]*, [4,0]*, [7,7]*, [6,1], [11,11]*, [8,0]*
________________________________________________________________
12)_________________________________________________________________
Time [ms]: 359300
Price: 22
Calls number: 266341651
Moving history: [4,4]*, [0,2]*, [7,7]*, [1,4]*, [5,9]*, [2,2], [4,8]*, [4,1], [7,11]*, [6,2]*, [9,9]*, [8,1]*, [11,11]*, [6,0], [6,6], [7,2], [8,4]*, [8,0]*, [4,0]*, [10,1], [1,3]*, [8,2]*
________________________________________________________________