INFO: Reading from dir: ./semestral_work/input/
INFO: Reading from dir: ./semestral_work/input/
INFO: Reading input from file: ./semestral_work/input/saj1.txt
INFO: Reading input from file: ./semestral_work/input/saj2.txt
INFO: Reading input from file: ./semestral_work/input/saj1.txt
INFO: Reading from dir: ./semestral_work/input/
INFO: Reading input from file: ./semestral_work/input/saj3.txt
INFO: Reading input from file: ./semestral_work/input/saj2.txt
INFO: Reading input from file: ./semestral_work/input/saj1.txt
INFO: Reading input from file: ./semestral_work/input/saj3.txt
INFO: Reading input from file: ./semestral_work/input/saj4.txt
INFO: Reading input from file: ./semestral_work/input/saj4.txt
INFO: Reading input from file: ./semestral_work/input/saj2.txt
INFO: Reading input from file: ./semestral_work/input/saj5.txt
INFO: Reading input from file: ./semestral_work/input/saj5.txt
INFO: Reading input from file: ./semestral_work/input/saj3.txt
INFO: Reading input from file: ./semestral_work/input/saj6.txt
INFO: Reading input from file: ./semestral_work/input/saj6.txt
INFO: Reading input from file: ./semestral_work/input/saj4.txt
INFO: Reading input from file: ./semestral_work/input/saj7.txt
INFO: Reading input from file: ./semestral_work/input/saj7.txt
INFO: Reading input from file: ./semestral_work/input/saj8.txt
INFO: Reading input from file: ./semestral_work/input/saj5.txt
INFO: Reading input from file: ./semestral_work/input/saj8.txt
INFO: Reading input from file: ./semestral_work/input/saj9.txt
INFO: Reading input from file: ./semestral_work/input/saj9.txt
INFO: Reading input from file: ./semestral_work/input/saj6.txt
INFO: Reading input from file: ./semestral_work/input/saj10.txt
INFO: Reading input from file: ./semestral_work/input/saj10.txt
INFO: Reading input from file: ./semestral_work/input/saj11.txt
INFO: Reading input from file: ./semestral_work/input/saj7.txt
INFO: Reading input from file: ./semestral_work/input/saj12.txt
INFO: Reading input from file: ./semestral_work/input/saj11.txt
INFO: Reading input from file: ./semestral_work/input/saj8.txt
INFO: Reading input from file: ./semestral_work/input/saj12.txt
INFO: Reading input from file: ./semestral_work/input/saj9.txt
INFO: Reading input from file: ./semestral_work/input/saj10.txt
1)_________________________________________________________________
Time [ms]: 3
Price: 5
Calls number: 905
Moving history: [4,4]*, [1,2], [3,3], [3,1]*, [2,4]*
________________________________________________________________
INFO: Reading input from file: ./semestral_work/input/saj11.txt
INFO: Reading input from file: ./semestral_work/input/saj12.txt
1)_________________________________________________________________
Time [ms]: 3
Price: 5
Calls number: 1046
Moving history: [4,4]*, [1,2], [3,3], [3,1]*, [2,4]*
________________________________________________________________
1)_________________________________________________________________
Time [ms]: 3
Price: 5
Calls number: 1038
Moving history: [4,4]*, [1,2], [3,3], [3,1]*, [2,4]*
________________________________________________________________
2)_________________________________________________________________
Time [ms]: 699
Price: 14
Calls number: 2400492
Moving history: [0,1], [3,3]*, [1,2], [4,1], [0,3], [6,2]*, [1,2], [5,4]*, [4,5]*, [3,3], [3,4], [1,4], [1,6]*, [0,6]*
________________________________________________________________
3)_________________________________________________________________
Time [ms]: 5
Price: 12
Calls number: 13782
Moving history: [3,1], [4,2]*, [0,4], [5,4], [2,2], [6,2]*, [3,3]*, [8,3]*, [5,1]*, [7,1]*, [6,0]*, [9,2]*
________________________________________________________________
2)_________________________________________________________________
Time [ms]: 705
Price: 14
Calls number: 2408540
Moving history: [0,1], [4,2], [1,0], [5,0], [5,4]*, [6,2]*, [4,5]*, [4,1], [3,4], [3,3]*, [1,6]*, [2,5], [0,5], [0,6]*
________________________________________________________________
3)_________________________________________________________________
Time [ms]: 6
Price: 12
Calls number: 17053
Moving history: [4,2]*, [3,3]*, [3,1], [5,4], [4,0], [6,2]*, [5,1]*, [8,3]*, [6,0]*, [7,1]*, [5,1], [9,2]*
________________________________________________________________
4)_________________________________________________________________
Time [ms]: 380
Price: 14
Calls number: 1551640
Moving history: [4,4]*, [2,1], [2,2], [4,2], [1,3], [5,4]*, [3,1]*, [3,3], [1,3], [1,2]*, [2,4]*, [3,1], [5,1]*, [1,0]*
________________________________________________________________
4)_________________________________________________________________
Time [ms]: 393
Price: 14
Calls number: 1554488
Moving history: [4,4]*, [2,1], [3,3], [0,2], [2,2], [1,0]*, [1,3], [3,1]*, [2,4]*, [1,2]*, [5,1]*, [3,3], [4,0], [5,4]*
________________________________________________________________
5)_________________________________________________________________
Time [ms]: 10
Price: 12
Calls number: 26962
Moving history: [2,0], [6,2]*, [0,2]*, [8,3]*, [3,5]*, [7,1]*, [4,4]*, [9,2]*, [3,3]*, [8,4], [2,2], [6,5]*
________________________________________________________________
5)_________________________________________________________________
Time [ms]: 65
Price: 12
Calls number: 212622
Moving history: [4,2], [6,2]*, [5,1], [8,3]*, [3,3]*, [7,1]*, [4,4]*, [9,2]*, [3,5]*, [8,4], [0,2]*, [6,5]*
________________________________________________________________
2)_________________________________________________________________
Time [ms]: 1986
Price: 14
Calls number: 7364967
Moving history: [0,1], [3,3]*, [4,5]*, [4,1], [3,6], [6,2]*, [5,4]*, [4,1], [4,3], [3,3], [1,6]*, [2,5], [0,5], [0,6]*
________________________________________________________________
3)_________________________________________________________________
Time [ms]: 5
Price: 12
Calls number: 13032
Moving history: [4,2]*, [3,3]*, [5,3], [5,4], [4,4], [6,2]*, [3,3], [8,3]*, [5,1]*, [7,1]*, [6,0]*, [9,2]*
________________________________________________________________
6)_________________________________________________________________
Time [ms]: 857
Price: 16
Calls number: 2832690
Moving history: [3,1], [6,2]*, [4,0], [8,3]*, [1,3], [7,1]*, [0,2]*, [9,2]*, [3,5]*, [8,4], [4,4]*, [6,5]*, [3,3]*, [8,6], [6,6]*, [6,7]*
________________________________________________________________
6)_________________________________________________________________
Time [ms]: 897
Price: 16
Calls number: 2911253
Moving history: [4,2], [6,2]*, [6,4], [8,3]*, [2,0], [7,1]*, [0,2]*, [9,2]*, [3,5]*, [8,4], [4,4]*, [6,5]*, [3,3]*, [8,6], [6,6]*, [6,7]*
________________________________________________________________
7)_________________________________________________________________
Time [ms]: 32
Price: 16
Calls number: 96976
Moving history: [4,4]*, [6,2]*, [3,3]*, [8,3]*, [6,6]*, [7,1]*, [4,4], [9,2]*, [3,5]*, [8,4], [0,2]*, [6,5]*, [6,8]*, [8,6], [5,9]*, [6,7]*
________________________________________________________________
7)_________________________________________________________________
Time [ms]: 236
Price: 16
Calls number: 780810
Moving history: [4,4]*, [6,2]*, [3,5]*, [8,3]*, [0,2]*, [7,1]*, [6,8]*, [9,2]*, [5,9]*, [8,4], [4,8], [6,5]*, [6,6]*, [8,6], [3,3]*, [6,7]*
________________________________________________________________
4)_________________________________________________________________
Time [ms]: 407
Price: 14
Calls number: 1611026
Moving history: [4,4]*, [1,2]*, [5,3], [3,1]*, [4,2], [1,0]*, [2,4]*, [2,2], [5,1]*, [3,4], [4,0], [4,2], [3,1], [5,4]*
________________________________________________________________
5)_________________________________________________________________
Time [ms]: 7
Price: 12
Calls number: 14777
Moving history: [4,4]*, [6,2]*, [9,9], [8,3]*, [3,3]*, [7,1]*, [1,1], [9,2]*, [0,2]*, [8,4], [3,5]*, [6,5]*
________________________________________________________________
6)_________________________________________________________________
Time [ms]: 854
Price: 16
Calls number: 2753521
Moving history: [4,4]*, [6,2]*, [3,3]*, [8,3]*, [2,4], [7,1]*, [0,2]*, [9,2]*, [3,5]*, [8,4], [4,4], [6,5]*, [6,6]*, [8,6], [5,5], [6,7]*
________________________________________________________________
7)_________________________________________________________________
Time [ms]: 34
Price: 16
Calls number: 103418
Moving history: [4,4]*, [6,2]*, [3,3]*, [8,3]*, [6,6]*, [7,1]*, [4,4], [9,2]*, [3,5]*, [8,4], [0,2]*, [6,5]*, [6,8]*, [8,6], [5,9]*, [6,7]*
________________________________________________________________
8)_________________________________________________________________
Time [ms]: 30626
Price: 20
Calls number: 101291843
Moving history: [4,4]*, [6,2]*, [3,3]*, [8,3]*, [0,0], [7,1]*, [6,6]*, [9,2]*, [4,4], [8,4], [3,5]*, [6,5]*, [0,2]*, [7,7], [6,8]*, [6,9]*, [5,9]*, [4,8], [4,10], [6,7]*
________________________________________________________________
9)_________________________________________________________________
Time [ms]: 1128
Price: 26
Calls number: 3695458
Moving history: [2,1]*, [5,4]*, [3,2]*, [7,5]*, [2,3]*, [9,6]*, [0,1]*, [8,8]*, [9,10], [10,7]*, [10,9]*, [8,6]*, [11,10]*, [9,8]*, [12,11]*, [7,7]*, [8,7]*, [6,5]*, [7,6]*, [4,4]*, [8,5]*, [3,6], [4,1]*, [5,5]*, [5,0]*, [4,3]*
________________________________________________________________
10)_________________________________________________________________
Time [ms]: 14001
Price: 20
Calls number: 45402267
Moving history: [7,5], [2,2]*, [4,8], [3,0]*, [3,7], [1,1]*, [5,5]*, [2,3]*, [4,4]*, [3,1]*, [3,3]*, [1,2]*, [7,7]*, [2,0]*, [8,8]*, [3,2]*, [9,9]*, [1,3]*, [8,8], [2,1]*
________________________________________________________________
11)_________________________________________________________________
Time [ms]: 1047
Price: 18
Calls number: 3563776
Moving history: [7,7]*, [0,2]*, [4,4]*, [1,4]*, [6,2]*, [0,2], [8,4]*, [2,1], [4,8]*, [1,3]*, [5,9]*, [2,1], [7,11]*, [4,0]*, [9,9]*, [6,1], [11,11]*, [8,0]*
________________________________________________________________
8)_________________________________________________________________
Time [ms]: 49553
Price: 20
Calls number: 160586397
Moving history: [4,2], [6,2]*, [5,3], [8,3]*, [4,4]*, [7,1]*, [3,3]*, [9,2]*, [6,6]*, [8,4], [4,4], [6,5]*, [3,5]*, [7,7], [0,2]*, [6,9]*, [6,8]*, [4,8], [5,9]*, [6,7]*
________________________________________________________________
9)_________________________________________________________________
Time [ms]: 926
Price: 26
Calls number: 2947026
Moving history: [2,1]*, [5,4]*, [3,2]*, [7,5]*, [2,3]*, [9,6]*, [0,1]*, [8,8]*, [9,10], [10,7]*, [10,9]*, [8,6]*, [11,10]*, [9,8]*, [12,11]*, [7,7]*, [8,7]*, [6,5]*, [7,6]*, [4,4]*, [8,5]*, [3,6], [4,1]*, [5,5]*, [5,0]*, [4,3]*
________________________________________________________________
10)_________________________________________________________________
Time [ms]: 14230
Price: 20
Calls number: 45403879
Moving history: [7,7]*, [0,2], [10,4], [2,3]*, [8,2], [1,1]*, [5,5]*, [3,0]*, [4,4]*, [4,2], [3,3]*, [2,1]*, [8,8]*, [1,3]*, [9,9]*, [3,2]*, [2,2]*, [2,0]*, [3,1]*, [1,2]*
________________________________________________________________
11)_________________________________________________________________
Time [ms]: 328
Price: 18
Calls number: 1088534
Moving history: [7,7]*, [0,2]*, [4,4]*, [1,4]*, [6,2]*, [0,2], [8,4]*, [2,1], [4,8]*, [1,3]*, [5,9]*, [2,1], [7,11]*, [4,0]*, [9,9]*, [6,1], [11,11]*, [8,0]*
________________________________________________________________
8)_________________________________________________________________
Time [ms]: 73595
Price: 20
Calls number: 238632656
Moving history: [4,4]*, [6,2]*, [6,6]*, [8,3]*, [3,3]*, [7,1]*, [1,1], [9,2]*, [0,2]*, [8,4], [3,5]*, [6,5]*, [6,8]*, [7,7], [5,9]*, [6,9]*, [4,8], [8,8], [3,7], [6,7]*
________________________________________________________________
9)_________________________________________________________________
Time [ms]: 1004
Price: 26
Calls number: 3242449
Moving history: [2,1]*, [5,4]*, [3,2]*, [7,5]*, [2,3]*, [9,6]*, [0,1]*, [8,8]*, [9,10], [10,7]*, [10,9]*, [8,6]*, [11,10]*, [9,8]*, [12,11]*, [7,7]*, [8,7]*, [6,5]*, [7,6]*, [4,4]*, [8,5]*, [3,6], [4,1]*, [5,5]*, [5,0]*, [4,3]*
________________________________________________________________
10)_________________________________________________________________
Time [ms]: 14188
Price: 20
Calls number: 45402244
Moving history: [5,5]*, [3,1]*, [4,6], [2,3]*, [1,3]*, [1,1]*, [2,2]*, [3,0]*, [3,3]*, [4,2], [4,4]*, [2,1]*, [7,7]*, [0,0], [8,8]*, [1,2]*, [9,9]*, [2,0]*, [8,8], [3,2]*
________________________________________________________________
11)_________________________________________________________________
Time [ms]: 303
Price: 18
Calls number: 998018
Moving history: [7,7]*, [0,2]*, [4,4]*, [1,4]*, [6,2]*, [0,2], [8,4]*, [2,1], [4,8]*, [1,3]*, [5,9]*, [2,1], [7,11]*, [4,0]*, [9,9]*, [6,1], [11,11]*, [8,0]*
________________________________________________________________
12)_________________________________________________________________
Time [ms]: 136858
Price: 22
Calls number: 462605585
Moving history: [4,4]*, [0,2]*, [7,7]*, [1,4]*, [5,9]*, [2,2], [4,8]*, [4,1], [7,11]*, [6,2]*, [9,9]*, [8,1]*, [11,11]*, [6,0], [6,6], [7,2], [8,4]*, [8,0]*, [4,0]*, [10,1], [1,3]*, [8,2]*
________________________________________________________________
12)_________________________________________________________________
Time [ms]: 104603
Price: 22
Calls number: 346406389
Moving history: [4,4]*, [0,2]*, [7,7]*, [1,4]*, [5,9]*, [2,2], [4,8]*, [4,1], [7,11]*, [6,2]*, [9,9]*, [8,1]*, [11,11]*, [6,0], [6,6], [7,2], [8,4]*, [8,0]*, [4,0]*, [10,1], [1,3]*, [8,2]*
________________________________________________________________
12)_________________________________________________________________
Time [ms]: 135742
Price: 22
Calls number: 448475935
Moving history: [4,4]*, [0,2]*, [7,7]*, [1,4]*, [5,9]*, [2,2], [4,8]*, [4,1], [7,11]*, [6,2]*, [9,9]*, [8,1]*, [11,11]*, [6,0], [6,6], [7,2], [8,4]*, [8,0]*, [4,0]*, [10,1], [1,3]*, [8,2]*
________________________________________________________________
